[19:27:19.424] Global cache location '/Users/samuelbanya/Library/Caches/typescript/4.7', safe file path '/users/samuelbanya/.nvm/versions/node/v16.14.2/lib/node_modules/typescript/lib/typingsafelist.json', types map path /users/samuelbanya/.nvm/versions/node/v16.14.2/lib/node_modules/typescript/lib/typesmap.json
[19:27:19.426] Processing cache location '/Users/samuelbanya/Library/Caches/typescript/4.7'
[19:27:19.426] Trying to find '/Users/samuelbanya/Library/Caches/typescript/4.7/package.json'...
[19:27:19.428] Loaded content of '/Users/samuelbanya/Library/Caches/typescript/4.7/package.json': {"private":true,"dependencies":{"types-registry":"^0.1.597"}}
[19:27:19.428] Loaded content of '/Users/samuelbanya/Library/Caches/typescript/4.7/package-lock.json'
[19:27:19.428] Finished processing cache location '/Users/samuelbanya/Library/Caches/typescript/4.7'
[19:27:19.429] Process id: 29077
[19:27:19.429] NPM location: /Users/samuelbanya/.nvm/versions/node/v16.14.2/bin/npm (explicit '--npmLocation' not  provided)
[19:27:19.429] validateDefaultNpmLocation: false
[19:27:19.430] Npm config file: /Users/samuelbanya/Library/Caches/typescript/4.7/package.json
[19:27:19.430] Updating types-registry npm package...
[19:27:19.430] Exec: /Users/samuelbanya/.nvm/versions/node/v16.14.2/bin/npm install --ignore-scripts types-registry@latest
[19:28:30.164]     Succeeded. stdout:
    
    up to date in 1m

[19:28:30.164] Updated types-registry npm package
[19:28:30.208] Got install request {"projectName":"/dev/null/inferredProject1*","fileNames":["/Users/samuelbanya/.nvm/versions/node/v16.14.2/lib/node_modules/typescript/lib/lib.es5.d.ts","/Users/samuelbanya/.nvm/versions/node/v16.14.2/lib/node_modules/typescript/lib/lib.es2015.d.ts","/Users/samuelbanya/.nvm/versions/node/v16.14.2/lib/node_modules/typescript/lib/lib.es2016.d.ts","/Users/samuelbanya/.nvm/versions/node/v16.14.2/lib/node_modules/typescript/lib/lib.dom.d.ts","/Users/samuelbanya/.nvm/versions/node/v16.14.2/lib/node_modules/typescript/lib/lib.dom.iterable.d.ts","/Users/samuelbanya/.nvm/versions/node/v16.14.2/lib/node_modules/typescript/lib/lib.webworker.importscripts.d.ts","/Users/samuelbanya/.nvm/versions/node/v16.14.2/lib/node_modules/typescript/lib/lib.scripthost.d.ts","/Users/samuelbanya/.nvm/versions/node/v16.14.2/lib/node_modules/typescript/lib/lib.es2015.core.d.ts","/Users/samuelbanya/.nvm/versions/node/v16.14.2/lib/node_modules/typescript/lib/lib.es2015.collection.d.ts","/Users/samuelbanya/.nvm/versions/node/v16.14.2/lib/node_modules/typescript/lib/lib.es2015.generator.d.ts","/Users/samuelbanya/.nvm/versions/node/v16.14.2/lib/node_modules/typescript/lib/lib.es2015.iterable.d.ts","/Users/samuelbanya/.nvm/versions/node/v16.14.2/lib/node_modules/typescript/lib/lib.es2015.promise.d.ts","/Users/samuelbanya/.nvm/versions/node/v16.14.2/lib/node_modules/typescript/lib/lib.es2015.proxy.d.ts","/Users/samuelbanya/.nvm/versions/node/v16.14.2/lib/node_modules/typescript/lib/lib.es2015.reflect.d.ts","/Users/samuelbanya/.nvm/versions/node/v16.14.2/lib/node_modules/typescript/lib/lib.es2015.symbol.d.ts","/Users/samuelbanya/.nvm/versions/node/v16.14.2/lib/node_modules/typescript/lib/lib.es2015.symbol.wellknown.d.ts","/Users/samuelbanya/.nvm/versions/node/v16.14.2/lib/node_modules/typescript/lib/lib.es2016.array.include.d.ts","/Users/samuelbanya/.nvm/versions/node/v16.14.2/lib/node_modules/typescript/lib/lib.es2016.full.d.ts","/Users/samuelbanya/hub/Development/code/phase-2/react-hooks-children/src/components/Container.js"],"compilerOptions":{"module":1,"target":3,"jsx":1,"allowJs":true,"allowSyntheticDefaultImports":true,"allowNonTsExtensions":true,"noEmitForJsFiles":true,"maxNodeModuleJsDepth":2},"typeAcquisition":{"enable":true,"include":[],"exclude":[]},"unresolvedImports":["object-assign","react"],"projectRootPath":"/Users/samuelbanya/hub/Development/code/phase-2/react-hooks-children/src/components","kind":"discover"}
[19:28:30.236] Loaded safelist from types map file '/users/samuelbanya/.nvm/versions/node/v16.14.2/lib/node_modules/typescript/lib/typesmap.json'
[19:28:30.237] Explicitly included types: []
[19:28:30.238] Inferred typings from unresolved imports: ["object-assign","react"]
[19:28:30.239] Result: {"cachedTypingPaths":[],"newTypingNames":["object-assign","react"],"filesToWatch":["/Users/samuelbanya/hub/Development/code/phase-2/react-hooks-children/src/components/bower_components","/Users/samuelbanya/hub/Development/code/phase-2/react-hooks-children/src/components/node_modules"]}
[19:28:30.239] Finished typings discovery: {"cachedTypingPaths":[],"newTypingNames":["object-assign","react"],"filesToWatch":["/Users/samuelbanya/hub/Development/code/phase-2/react-hooks-children/src/components/bower_components","/Users/samuelbanya/hub/Development/code/phase-2/react-hooks-children/src/components/node_modules"]}
[19:28:30.239] DirectoryWatcher:: Added:: WatchInfo: /Users/samuelbanya/hub/Development/code/phase-2/react-hooks-children/src/components/bower_components
[19:28:30.240] DirectoryWatcher:: Added:: WatchInfo: /Users/samuelbanya/hub/Development/code/phase-2/react-hooks-children/src/components/bower_components 1 undefined Project: /dev/null/inferredProject1* watcher already invoked: false
[19:28:30.242] Elapsed:: 1.6060529947280884ms DirectoryWatcher:: Added:: WatchInfo: /Users/samuelbanya/hub/Development/code/phase-2/react-hooks-children/src/components/bower_components 1 undefined Project: /dev/null/inferredProject1* watcher already invoked: false
[19:28:30.242] DirectoryWatcher:: Added:: WatchInfo: /Users/samuelbanya/hub/Development/code/phase-2/react-hooks-children/src/components/node_modules
[19:28:30.242] DirectoryWatcher:: Added:: WatchInfo: /Users/samuelbanya/hub/Development/code/phase-2/react-hooks-children/src/components/node_modules 1 undefined Project: /dev/null/inferredProject1* watcher already invoked: false
[19:28:30.243] Elapsed:: 0.14749399572610855ms DirectoryWatcher:: Added:: WatchInfo: /Users/samuelbanya/hub/Development/code/phase-2/react-hooks-children/src/components/node_modules 1 undefined Project: /dev/null/inferredProject1* watcher already invoked: false
[19:28:30.243] Installing typings ["object-assign","react"]
[19:28:30.244] Npm config file: /Users/samuelbanya/Library/Caches/typescript/4.7/package.json
[19:28:30.244] Sending response:
    {"kind":"event::beginInstallTypes","eventId":1,"typingsInstallerVersion":"4.7.4","projectName":"/dev/null/inferredProject1*"}
[19:28:30.245] Response has been sent.
[19:28:30.245] #1 with arguments'["@types/object-assign@ts4.7","@types/react@ts4.7"]'.
[19:28:30.245] Exec: /Users/samuelbanya/.nvm/versions/node/v16.14.2/bin/npm install --ignore-scripts @types/object-assign@ts4.7 @types/react@ts4.7 --save-dev --user-agent="typesInstaller/4.7.4"
[19:30:51.127]     Succeeded. stdout:
    
    added 5 packages in 2m

[19:30:51.127] npm install #1 took: 140882 ms
[19:30:51.128] Installed typings ["@types/object-assign@ts4.7","@types/react@ts4.7"]
[19:30:51.135] Installed typing files ["/Users/samuelbanya/Library/Caches/typescript/4.7/node_modules/@types/object-assign/index.d.ts","/Users/samuelbanya/Library/Caches/typescript/4.7/node_modules/@types/react/index.d.ts"]
[19:30:51.135] Sending response:
    {"projectName":"/dev/null/inferredProject1*","typeAcquisition":{"enable":true,"include":[],"exclude":[]},"compilerOptions":{"module":1,"target":3,"jsx":1,"allowJs":true,"allowSyntheticDefaultImports":true,"allowNonTsExtensions":true,"noEmitForJsFiles":true,"maxNodeModuleJsDepth":2},"typings":["/Users/samuelbanya/Library/Caches/typescript/4.7/node_modules/@types/object-assign/index.d.ts","/Users/samuelbanya/Library/Caches/typescript/4.7/node_modules/@types/react/index.d.ts"],"unresolvedImports":["object-assign","react"],"kind":"action::set"}
[19:30:51.136] Response has been sent.
[19:30:51.136] Sending response:
    {"kind":"event::endInstallTypes","eventId":1,"projectName":"/dev/null/inferredProject1*","packagesToInstall":["@types/object-assign@ts4.7","@types/react@ts4.7"],"installSuccess":true,"typingsInstallerVersion":"4.7.4"}
[19:30:51.136] Response has been sent.
[19:30:51.136] Got install request {"projectName":"/dev/null/inferredProject2*","fileNames":["/Users/samuelbanya/.nvm/versions/node/v16.14.2/lib/node_modules/typescript/lib/lib.es5.d.ts","/Users/samuelbanya/.nvm/versions/node/v16.14.2/lib/node_modules/typescript/lib/lib.es2015.d.ts","/Users/samuelbanya/.nvm/versions/node/v16.14.2/lib/node_modules/typescript/lib/lib.es2016.d.ts","/Users/samuelbanya/.nvm/versions/node/v16.14.2/lib/node_modules/typescript/lib/lib.dom.d.ts","/Users/samuelbanya/.nvm/versions/node/v16.14.2/lib/node_modules/typescript/lib/lib.dom.iterable.d.ts","/Users/samuelbanya/.nvm/versions/node/v16.14.2/lib/node_modules/typescript/lib/lib.webworker.importscripts.d.ts","/Users/samuelbanya/.nvm/versions/node/v16.14.2/lib/node_modules/typescript/lib/lib.scripthost.d.ts","/Users/samuelbanya/.nvm/versions/node/v16.14.2/lib/node_modules/typescript/lib/lib.es2015.core.d.ts","/Users/samuelbanya/.nvm/versions/node/v16.14.2/lib/node_modules/typescript/lib/lib.es2015.collection.d.ts","/Users/samuelbanya/.nvm/versions/node/v16.14.2/lib/node_modules/typescript/lib/lib.es2015.generator.d.ts","/Users/samuelbanya/.nvm/versions/node/v16.14.2/lib/node_modules/typescript/lib/lib.es2015.iterable.d.ts","/Users/samuelbanya/.nvm/versions/node/v16.14.2/lib/node_modules/typescript/lib/lib.es2015.promise.d.ts","/Users/samuelbanya/.nvm/versions/node/v16.14.2/lib/node_modules/typescript/lib/lib.es2015.proxy.d.ts","/Users/samuelbanya/.nvm/versions/node/v16.14.2/lib/node_modules/typescript/lib/lib.es2015.reflect.d.ts","/Users/samuelbanya/.nvm/versions/node/v16.14.2/lib/node_modules/typescript/lib/lib.es2015.symbol.d.ts","/Users/samuelbanya/.nvm/versions/node/v16.14.2/lib/node_modules/typescript/lib/lib.es2015.symbol.wellknown.d.ts","/Users/samuelbanya/.nvm/versions/node/v16.14.2/lib/node_modules/typescript/lib/lib.es2016.array.include.d.ts","/Users/samuelbanya/.nvm/versions/node/v16.14.2/lib/node_modules/typescript/lib/lib.es2016.full.d.ts","/Users/samuelbanya/hub/Development/code/phase-2/react-hooks-children/src/components/Container.js","/Users/samuelbanya/hub/Development/code/phase-2/react-hooks-children/src/components/App.js"],"compilerOptions":{"module":1,"target":3,"jsx":1,"allowJs":true,"allowSyntheticDefaultImports":true,"allowNonTsExtensions":true,"noEmitForJsFiles":true,"maxNodeModuleJsDepth":2},"typeAcquisition":{"enable":true,"include":[],"exclude":[]},"unresolvedImports":["object-assign","react"],"projectRootPath":"/Users/samuelbanya/hub/Development/code/phase-2/react-hooks-children/src/components","kind":"discover"}
[19:30:51.136] Explicitly included types: []
[19:30:51.137] Inferred typings from unresolved imports: ["object-assign","react"]
[19:30:51.137] Result: {"cachedTypingPaths":["/Users/samuelbanya/Library/Caches/typescript/4.7/node_modules/@types/object-assign/index.d.ts","/Users/samuelbanya/Library/Caches/typescript/4.7/node_modules/@types/react/index.d.ts"],"newTypingNames":[],"filesToWatch":["/Users/samuelbanya/hub/Development/code/phase-2/react-hooks-children/src/components/bower_components","/Users/samuelbanya/hub/Development/code/phase-2/react-hooks-children/src/components/node_modules"]}
[19:30:51.137] Finished typings discovery: {"cachedTypingPaths":["/Users/samuelbanya/Library/Caches/typescript/4.7/node_modules/@types/object-assign/index.d.ts","/Users/samuelbanya/Library/Caches/typescript/4.7/node_modules/@types/react/index.d.ts"],"newTypingNames":[],"filesToWatch":["/Users/samuelbanya/hub/Development/code/phase-2/react-hooks-children/src/components/bower_components","/Users/samuelbanya/hub/Development/code/phase-2/react-hooks-children/src/components/node_modules"]}
[19:30:51.138] DirectoryWatcher:: Added:: WatchInfo: /Users/samuelbanya/hub/Development/code/phase-2/react-hooks-children/src/components/bower_components
[19:30:51.138] DirectoryWatcher:: Added:: WatchInfo: /Users/samuelbanya/hub/Development/code/phase-2/react-hooks-children/src/components/bower_components 1 undefined Project: /dev/null/inferredProject2* watcher already invoked: false
[19:30:51.138] Elapsed:: 0.06933200359344482ms DirectoryWatcher:: Added:: WatchInfo: /Users/samuelbanya/hub/Development/code/phase-2/react-hooks-children/src/components/bower_components 1 undefined Project: /dev/null/inferredProject2* watcher already invoked: false
[19:30:51.138] DirectoryWatcher:: Added:: WatchInfo: /Users/samuelbanya/hub/Development/code/phase-2/react-hooks-children/src/components/node_modules
[19:30:51.138] DirectoryWatcher:: Added:: WatchInfo: /Users/samuelbanya/hub/Development/code/phase-2/react-hooks-children/src/components/node_modules 1 undefined Project: /dev/null/inferredProject2* watcher already invoked: false
[19:30:51.139] Elapsed:: 0.07069899886846542ms DirectoryWatcher:: Added:: WatchInfo: /Users/samuelbanya/hub/Development/code/phase-2/react-hooks-children/src/components/node_modules 1 undefined Project: /dev/null/inferredProject2* watcher already invoked: false
[19:30:51.139] Sending response:
    {"projectName":"/dev/null/inferredProject2*","typeAcquisition":{"enable":true,"include":[],"exclude":[]},"compilerOptions":{"module":1,"target":3,"jsx":1,"allowJs":true,"allowSyntheticDefaultImports":true,"allowNonTsExtensions":true,"noEmitForJsFiles":true,"maxNodeModuleJsDepth":2},"typings":["/Users/samuelbanya/Library/Caches/typescript/4.7/node_modules/@types/object-assign/index.d.ts","/Users/samuelbanya/Library/Caches/typescript/4.7/node_modules/@types/react/index.d.ts"],"unresolvedImports":["object-assign","react"],"kind":"action::set"}
[19:30:51.139] Response has been sent.
[19:30:51.139] No new typings were requested as a result of typings discovery
[19:30:51.780] Got install request {"projectName":"/dev/null/inferredProject2*","fileNames":["/Users/samuelbanya/.nvm/versions/node/v16.14.2/lib/node_modules/typescript/lib/lib.es5.d.ts","/Users/samuelbanya/.nvm/versions/node/v16.14.2/lib/node_modules/typescript/lib/lib.es2015.d.ts","/Users/samuelbanya/.nvm/versions/node/v16.14.2/lib/node_modules/typescript/lib/lib.es2016.d.ts","/Users/samuelbanya/.nvm/versions/node/v16.14.2/lib/node_modules/typescript/lib/lib.dom.d.ts","/Users/samuelbanya/.nvm/versions/node/v16.14.2/lib/node_modules/typescript/lib/lib.dom.iterable.d.ts","/Users/samuelbanya/.nvm/versions/node/v16.14.2/lib/node_modules/typescript/lib/lib.webworker.importscripts.d.ts","/Users/samuelbanya/.nvm/versions/node/v16.14.2/lib/node_modules/typescript/lib/lib.scripthost.d.ts","/Users/samuelbanya/.nvm/versions/node/v16.14.2/lib/node_modules/typescript/lib/lib.es2015.core.d.ts","/Users/samuelbanya/.nvm/versions/node/v16.14.2/lib/node_modules/typescript/lib/lib.es2015.collection.d.ts","/Users/samuelbanya/.nvm/versions/node/v16.14.2/lib/node_modules/typescript/lib/lib.es2015.generator.d.ts","/Users/samuelbanya/.nvm/versions/node/v16.14.2/lib/node_modules/typescript/lib/lib.es2015.iterable.d.ts","/Users/samuelbanya/.nvm/versions/node/v16.14.2/lib/node_modules/typescript/lib/lib.es2015.promise.d.ts","/Users/samuelbanya/.nvm/versions/node/v16.14.2/lib/node_modules/typescript/lib/lib.es2015.proxy.d.ts","/Users/samuelbanya/.nvm/versions/node/v16.14.2/lib/node_modules/typescript/lib/lib.es2015.reflect.d.ts","/Users/samuelbanya/.nvm/versions/node/v16.14.2/lib/node_modules/typescript/lib/lib.es2015.symbol.d.ts","/Users/samuelbanya/.nvm/versions/node/v16.14.2/lib/node_modules/typescript/lib/lib.es2015.symbol.wellknown.d.ts","/Users/samuelbanya/.nvm/versions/node/v16.14.2/lib/node_modules/typescript/lib/lib.es2016.array.include.d.ts","/Users/samuelbanya/.nvm/versions/node/v16.14.2/lib/node_modules/typescript/lib/lib.es2016.full.d.ts","/Users/samuelbanya/Library/Caches/typescript/4.7/node_modules/@types/react/global.d.ts","/Users/samuelbanya/Library/Caches/typescript/4.7/node_modules/@types/react/index.d.ts","/Users/samuelbanya/hub/Development/code/phase-2/react-hooks-children/src/components/Container.js","/Users/samuelbanya/hub/Development/code/phase-2/react-hooks-children/src/components/App.js","/Users/samuelbanya/Library/Caches/typescript/4.7/node_modules/@types/object-assign/index.d.ts"],"compilerOptions":{"module":1,"target":3,"jsx":1,"allowJs":true,"allowSyntheticDefaultImports":true,"allowNonTsExtensions":true,"noEmitForJsFiles":true,"maxNodeModuleJsDepth":2},"typeAcquisition":{"enable":true,"include":[],"exclude":[]},"unresolvedImports":[],"projectRootPath":"/Users/samuelbanya/hub/Development/code/phase-2/react-hooks-children/src/components","kind":"discover"}
[19:30:51.781] Explicitly included types: []
[19:30:51.782] Inferred typings from unresolved imports: []
[19:30:51.783] Result: {"cachedTypingPaths":[],"newTypingNames":[],"filesToWatch":["/Users/samuelbanya/hub/Development/code/phase-2/react-hooks-children/src/components/bower_components","/Users/samuelbanya/hub/Development/code/phase-2/react-hooks-children/src/components/node_modules"]}
[19:30:51.783] Finished typings discovery: {"cachedTypingPaths":[],"newTypingNames":[],"filesToWatch":["/Users/samuelbanya/hub/Development/code/phase-2/react-hooks-children/src/components/bower_components","/Users/samuelbanya/hub/Development/code/phase-2/react-hooks-children/src/components/node_modules"]}
[19:30:51.784] Sending response:
    {"projectName":"/dev/null/inferredProject2*","typeAcquisition":{"enable":true,"include":[],"exclude":[]},"compilerOptions":{"module":1,"target":3,"jsx":1,"allowJs":true,"allowSyntheticDefaultImports":true,"allowNonTsExtensions":true,"noEmitForJsFiles":true,"maxNodeModuleJsDepth":2},"typings":[],"unresolvedImports":[],"kind":"action::set"}
[19:30:51.785] Response has been sent.
[19:30:51.785] No new typings were requested as a result of typings discovery
[19:30:52.191] Got install request {"projectName":"/dev/null/inferredProject2*","fileNames":["/Users/samuelbanya/.nvm/versions/node/v16.14.2/lib/node_modules/typescript/lib/lib.es5.d.ts","/Users/samuelbanya/.nvm/versions/node/v16.14.2/lib/node_modules/typescript/lib/lib.es2015.d.ts","/Users/samuelbanya/.nvm/versions/node/v16.14.2/lib/node_modules/typescript/lib/lib.es2016.d.ts","/Users/samuelbanya/.nvm/versions/node/v16.14.2/lib/node_modules/typescript/lib/lib.dom.d.ts","/Users/samuelbanya/.nvm/versions/node/v16.14.2/lib/node_modules/typescript/lib/lib.dom.iterable.d.ts","/Users/samuelbanya/.nvm/versions/node/v16.14.2/lib/node_modules/typescript/lib/lib.webworker.importscripts.d.ts","/Users/samuelbanya/.nvm/versions/node/v16.14.2/lib/node_modules/typescript/lib/lib.scripthost.d.ts","/Users/samuelbanya/.nvm/versions/node/v16.14.2/lib/node_modules/typescript/lib/lib.es2015.core.d.ts","/Users/samuelbanya/.nvm/versions/node/v16.14.2/lib/node_modules/typescript/lib/lib.es2015.collection.d.ts","/Users/samuelbanya/.nvm/versions/node/v16.14.2/lib/node_modules/typescript/lib/lib.es2015.generator.d.ts","/Users/samuelbanya/.nvm/versions/node/v16.14.2/lib/node_modules/typescript/lib/lib.es2015.iterable.d.ts","/Users/samuelbanya/.nvm/versions/node/v16.14.2/lib/node_modules/typescript/lib/lib.es2015.promise.d.ts","/Users/samuelbanya/.nvm/versions/node/v16.14.2/lib/node_modules/typescript/lib/lib.es2015.proxy.d.ts","/Users/samuelbanya/.nvm/versions/node/v16.14.2/lib/node_modules/typescript/lib/lib.es2015.reflect.d.ts","/Users/samuelbanya/.nvm/versions/node/v16.14.2/lib/node_modules/typescript/lib/lib.es2015.symbol.d.ts","/Users/samuelbanya/.nvm/versions/node/v16.14.2/lib/node_modules/typescript/lib/lib.es2015.symbol.wellknown.d.ts","/Users/samuelbanya/.nvm/versions/node/v16.14.2/lib/node_modules/typescript/lib/lib.es2016.array.include.d.ts","/Users/samuelbanya/.nvm/versions/node/v16.14.2/lib/node_modules/typescript/lib/lib.es2016.full.d.ts","/Users/samuelbanya/hub/Development/code/phase-2/react-hooks-children/src/components/Container.js","/Users/samuelbanya/hub/Development/code/phase-2/react-hooks-children/src/components/App.js"],"compilerOptions":{"module":1,"target":3,"jsx":1,"allowJs":true,"allowSyntheticDefaultImports":true,"allowNonTsExtensions":true,"noEmitForJsFiles":true,"maxNodeModuleJsDepth":2},"typeAcquisition":{"enable":true,"include":[],"exclude":[]},"unresolvedImports":[],"projectRootPath":"/Users/samuelbanya/hub/Development/code/phase-2/react-hooks-children/src/components","kind":"discover"}
[19:30:52.192] Explicitly included types: []
[19:30:52.193] Inferred typings from unresolved imports: []
[19:30:52.193] Result: {"cachedTypingPaths":[],"newTypingNames":[],"filesToWatch":["/Users/samuelbanya/hub/Development/code/phase-2/react-hooks-children/src/components/bower_components","/Users/samuelbanya/hub/Development/code/phase-2/react-hooks-children/src/components/node_modules"]}
[19:30:52.194] Finished typings discovery: {"cachedTypingPaths":[],"newTypingNames":[],"filesToWatch":["/Users/samuelbanya/hub/Development/code/phase-2/react-hooks-children/src/components/bower_components","/Users/samuelbanya/hub/Development/code/phase-2/react-hooks-children/src/components/node_modules"]}
[19:30:52.195] Sending response:
    {"projectName":"/dev/null/inferredProject2*","typeAcquisition":{"enable":true,"include":[],"exclude":[]},"compilerOptions":{"module":1,"target":3,"jsx":1,"allowJs":true,"allowSyntheticDefaultImports":true,"allowNonTsExtensions":true,"noEmitForJsFiles":true,"maxNodeModuleJsDepth":2},"typings":[],"unresolvedImports":[],"kind":"action::set"}
[19:30:52.196] Response has been sent.
[19:30:52.197] No new typings were requested as a result of typings discovery
